Fri Aug 29 15:46:32 CEST 2014  [debug] AvalonLogSystem initialized using logfile 'velocity.log'
Fri Aug 29 15:46:32 CEST 2014   [info] ************************************************************** 
Fri Aug 29 15:46:32 CEST 2014   [info] Starting Jakarta Velocity v1.4
Fri Aug 29 15:46:32 CEST 2014   [info] RuntimeInstance initializing.
Fri Aug 29 15:46:32 CEST 2014   [info] Default Properties File: org\apache\velocity\runtime\defaults\velocity.properties
Fri Aug 29 15:46:32 CEST 2014   [info] Trying to use logger class org.apache.velocity.runtime.log.AvalonLogSystem
Fri Aug 29 15:46:32 CEST 2014   [info] Using logger class org.apache.velocity.runtime.log.AvalonLogSystem
Fri Aug 29 15:46:32 CEST 2014   [info] Default ResourceManager initializing. (class org.apache.velocity.runtime.resource.ResourceManagerImpl)
Fri Aug 29 15:46:32 CEST 2014   [info] Resource Loader Instantiated: org.apache.velocity.runtime.resource.loader.JarResourceLoader
Fri Aug 29 15:46:32 CEST 2014   [info] JarResourceLoader : initialization starting.
Fri Aug 29 15:46:32 CEST 2014   [info] JarResourceLoader # of paths : 1
Fri Aug 29 15:46:32 CEST 2014   [info] JarResourceLoader : trying to load: jar:file:/C:/Users/Seigneur%20Necron/.m2/repository/org/codehaus/mojo/webstart-maven-plugin/1.0-beta-6/webstart-maven-plugin-1.0-beta-6.jar!/
Fri Aug 29 15:46:32 CEST 2014   [info]   JarHolder : attempting to connect to jar:file:/C:/Users/Seigneur%20Necron/.m2/repository/org/codehaus/mojo/webstart-maven-plugin/1.0-beta-6/webstart-maven-plugin-1.0-beta-6.jar!/
Fri Aug 29 15:46:32 CEST 2014   [info]   JarHolder : initialized JAR: jar:file:/C:/Users/Seigneur%20Necron/.m2/repository/org/codehaus/mojo/webstart-maven-plugin/1.0-beta-6/webstart-maven-plugin-1.0-beta-6.jar!/
Fri Aug 29 15:46:32 CEST 2014   [info] JarResourceLoader : initialization complete.
Fri Aug 29 15:46:32 CEST 2014   [info] ResourceCache : initialized. (class org.apache.velocity.runtime.resource.ResourceCacheImpl)
Fri Aug 29 15:46:32 CEST 2014   [info] Default ResourceManager initialization complete.
Fri Aug 29 15:46:32 CEST 2014   [info] Loaded System Directive: org.apache.velocity.runtime.directive.Literal
Fri Aug 29 15:46:32 CEST 2014   [info] Loaded System Directive: org.apache.velocity.runtime.directive.Macro
Fri Aug 29 15:46:32 CEST 2014   [info] Loaded System Directive: org.apache.velocity.runtime.directive.Parse
Fri Aug 29 15:46:32 CEST 2014   [info] Loaded System Directive: org.apache.velocity.runtime.directive.Include
Fri Aug 29 15:46:32 CEST 2014   [info] Loaded System Directive: org.apache.velocity.runtime.directive.Foreach
Fri Aug 29 15:46:32 CEST 2014   [info] Created: 20 parsers.
Fri Aug 29 15:46:32 CEST 2014   [info] Velocimacro : initialization starting.
Fri Aug 29 15:46:32 CEST 2014   [info] Velocimacro : adding VMs from VM library template : VM_global_library.vm
Fri Aug 29 15:46:32 CEST 2014  [error] ResourceManager : unable to find resource 'VM_global_library.vm' in any resource loader.
Fri Aug 29 15:46:32 CEST 2014   [info] Velocimacro : error using  VM library template VM_global_library.vm : org.apache.velocity.exception.ResourceNotFoundException: Unable to find resource 'VM_global_library.vm'
Fri Aug 29 15:46:32 CEST 2014   [info] Velocimacro :  VM library template macro registration complete.
Fri Aug 29 15:46:32 CEST 2014   [info] Velocimacro : allowInline = true : VMs can be defined inline in templates
Fri Aug 29 15:46:32 CEST 2014   [info] Velocimacro : allowInlineToOverride = false : VMs defined inline may NOT replace previous VM definitions
Fri Aug 29 15:46:32 CEST 2014   [info] Velocimacro : allowInlineLocal = false : VMs defined inline will be  global in scope if allowed.
Fri Aug 29 15:46:32 CEST 2014   [info] Velocimacro : messages on  : VM system will output logging messages
Fri Aug 29 15:46:32 CEST 2014   [info] Velocimacro : autoload off  : VM system will not automatically reload global library macros
Fri Aug 29 15:46:32 CEST 2014   [info] Velocimacro : initialization complete.
Fri Aug 29 15:46:32 CEST 2014   [info] Velocity successfully started.
Fri Aug 29 15:46:32 CEST 2014   [info] ResourceManager : found default-jnlp-template.vm with loader org.apache.velocity.runtime.resource.loader.JarResourceLoader
